c:\users\someone\documents\visual studio 2013\projects\tabosu\bridge\debug\bridge.pch
c:\users\someone\documents\visual studio 2013\projects\tabosu\bridge\debug\vc120.pdb
c:\users\someone\documents\visual studio 2013\projects\tabosu\bridge\debug\stdafx.obj
c:\users\someone\documents\visual studio 2013\projects\tabosu\bridge\debug\bridge.obj
c:\users\someone\documents\visual studio 2013\projects\tabosu\bridge\debug\assemblyinfo.obj
c:\users\someone\documents\visual studio 2013\projects\tabosu\bridge\debug\.netframework,version=v4.5.assemblyattributes.obj
c:\users\someone\documents\visual studio 2013\projects\tabosu\debug\bridge.dll
c:\users\someone\documents\visual studio 2013\projects\tabosu\debug\bridge.pdb
c:\users\someone\documents\visual studio 2013\projects\tabosu\bridge\debug\app.res
c:\users\someone\documents\visual studio 2013\projects\tabosu\bridge\debug\bridge.tlog\cl.command.1.tlog
c:\users\someone\documents\visual studio 2013\projects\tabosu\bridge\debug\bridge.tlog\cl.read.1.tlog
c:\users\someone\documents\visual studio 2013\projects\tabosu\bridge\debug\bridge.tlog\cl.write.1.tlog
c:\users\someone\documents\visual studio 2013\projects\tabosu\bridge\debug\bridge.tlog\link.command.1.tlog
c:\users\someone\documents\visual studio 2013\projects\tabosu\bridge\debug\bridge.tlog\link.read.1.tlog
c:\users\someone\documents\visual studio 2013\projects\tabosu\bridge\debug\bridge.tlog\link.write.1.tlog
c:\users\someone\documents\visual studio 2013\projects\tabosu\bridge\debug\bridge.tlog\metagen.read.1.tlog
c:\users\someone\documents\visual studio 2013\projects\tabosu\bridge\debug\bridge.tlog\metagen.write.1.tlog
c:\users\someone\documents\visual studio 2013\projects\tabosu\bridge\debug\bridge.tlog\rc.command.1.tlog
c:\users\someone\documents\visual studio 2013\projects\tabosu\bridge\debug\bridge.tlog\rc.read.1.tlog
c:\users\someone\documents\visual studio 2013\projects\tabosu\bridge\debug\bridge.tlog\rc.write.1.tlog
c:\users\someone\documents\visual studio 2013\projects\tabosu\bridge\debug\bridge.tlog\tzres.dll.bi
